<?xml version="1.0" encoding="utf-8"?><testsuites name="pytest tests"><testsuite name="pytest" errors="0" failures="0" skipped="0" tests="7" time="1.477" timestamp="2026-04-15T19:23:37.772541+00:00" hostname="agent-env-67b8f240-3649-4520-ba0e-7c8a273f62d0"><testcase classname="backend.tests.test_leaderboard" name="test_api_root" time="0.436" /><testcase classname="backend.tests.test_leaderboard" name="test_post_leaderboard_story" time="0.204" /><testcase classname="backend.tests.test_leaderboard" name="test_post_leaderboard_arcade" time="0.145" /><testcase classname="backend.tests.test_leaderboard" name="test_post_leaderboard_name_sanitized" time="0.126" /><testcase classname="backend.tests.test_leaderboard" name="test_get_leaderboard" time="0.131" /><testcase classname="backend.tests.test_leaderboard" name="test_get_leaderboard_filter_mode" time="0.108" /><testcase classname="backend.tests.test_leaderboard" name="test_get_leaderboard_limit" time="0.147" /></testsuite></testsuites>